/home/students/cs/2018/enicol09/2nd_Year/EPL232/Homeworks/Hw_3/EliaNicolaou/DFS.c:33: warning: Invalid list item found
/home/students/cs/2018/enicol09/2nd_Year/EPL232/Homeworks/Hw_3/EliaNicolaou/DFS.h:35: warning: Invalid list item found
/home/students/cs/2018/enicol09/2nd_Year/EPL232/Homeworks/Hw_3/EliaNicolaou/hill.c:32: warning: Invalid list item found
/home/students/cs/2018/enicol09/2nd_Year/EPL232/Homeworks/Hw_3/EliaNicolaou/hill.h:37: warning: Invalid list item found
/home/students/cs/2018/enicol09/2nd_Year/EPL232/Homeworks/Hw_3/EliaNicolaou/stack.h:48: warning: argument 'stack' of command @param is not found in the argument list of clear(stack **)
/home/students/cs/2018/enicol09/2nd_Year/EPL232/Homeworks/Hw_3/EliaNicolaou/stack.h:66: warning: argument 'stack' of command @param is not found in the argument list of display(stack *)
/home/students/cs/2018/enicol09/2nd_Year/EPL232/Homeworks/Hw_3/EliaNicolaou/stack.h:58: warning: argument 'stack' of command @param is not found in the argument list of length(stack *p)
/home/students/cs/2018/enicol09/2nd_Year/EPL232/Homeworks/Hw_3/EliaNicolaou/stack.h:58: warning: The following parameters of length(stack *p) are not documented:
  parameter 'p'
/home/students/cs/2018/enicol09/2nd_Year/EPL232/Homeworks/Hw_3/EliaNicolaou/stack.h:40: warning: argument 'stack' of command @param is not found in the argument list of pop(stack **)
/home/students/cs/2018/enicol09/2nd_Year/EPL232/Homeworks/Hw_3/EliaNicolaou/stack.h:31: warning: argument 'stack' of command @param is not found in the argument list of push(stack **, Board b)
/home/students/cs/2018/enicol09/2nd_Year/EPL232/Homeworks/Hw_3/EliaNicolaou/stack.h:31: warning: argument 'Board' of command @param is not found in the argument list of push(stack **, Board b)
/home/students/cs/2018/enicol09/2nd_Year/EPL232/Homeworks/Hw_3/EliaNicolaou/stack.h:31: warning: The following parameters of push(stack **, Board b) are not documented:
  parameter 'b'
/home/students/cs/2018/enicol09/2nd_Year/EPL232/Homeworks/Hw_3/EliaNicolaou/stack.h:48: warning: argument 'stack' of command @param is not found in the argument list of clear(stack **)
/home/students/cs/2018/enicol09/2nd_Year/EPL232/Homeworks/Hw_3/EliaNicolaou/stack.h:66: warning: argument 'stack' of command @param is not found in the argument list of display(stack *)
/home/students/cs/2018/enicol09/2nd_Year/EPL232/Homeworks/Hw_3/EliaNicolaou/stack.h:58: warning: argument 'stack' of command @param is not found in the argument list of length(stack *p)
/home/students/cs/2018/enicol09/2nd_Year/EPL232/Homeworks/Hw_3/EliaNicolaou/stack.h:58: warning: The following parameters of length(stack *p) are not documented:
  parameter 'p'
/home/students/cs/2018/enicol09/2nd_Year/EPL232/Homeworks/Hw_3/EliaNicolaou/stack.h:40: warning: argument 'stack' of command @param is not found in the argument list of pop(stack **)
/home/students/cs/2018/enicol09/2nd_Year/EPL232/Homeworks/Hw_3/EliaNicolaou/stack.h:31: warning: argument 'stack' of command @param is not found in the argument list of push(stack **, Board b)
/home/students/cs/2018/enicol09/2nd_Year/EPL232/Homeworks/Hw_3/EliaNicolaou/stack.h:31: warning: argument 'Board' of command @param is not found in the argument list of push(stack **, Board b)
/home/students/cs/2018/enicol09/2nd_Year/EPL232/Homeworks/Hw_3/EliaNicolaou/stack.h:31: warning: The following parameters of push(stack **, Board b) are not documented:
  parameter 'b'
/home/students/cs/2018/enicol09/2nd_Year/EPL232/Homeworks/Hw_3/EliaNicolaou/README.dox:4: warning: Found unknown command `\filename'
Searching for include files...
Searching for example files...
Searching for images...
Searching for dot files...
Searching for msc files...
Searching for files to exclude
Searching for files to process...
Reading and parsing tag files
Parsing files
Preprocessing /home/students/cs/2018/enicol09/2nd_Year/EPL232/Homeworks/Hw_3/EliaNicolaou/nQueens.c...
Parsing file /home/students/cs/2018/enicol09/2nd_Year/EPL232/Homeworks/Hw_3/EliaNicolaou/nQueens.c...
Preprocessing /home/students/cs/2018/enicol09/2nd_Year/EPL232/Homeworks/Hw_3/EliaNicolaou/stack.c...
Parsing file /home/students/cs/2018/enicol09/2nd_Year/EPL232/Homeworks/Hw_3/EliaNicolaou/stack.c...
Preprocessing /home/students/cs/2018/enicol09/2nd_Year/EPL232/Homeworks/Hw_3/EliaNicolaou/stack.h...
Parsing file /home/students/cs/2018/enicol09/2nd_Year/EPL232/Homeworks/Hw_3/EliaNicolaou/stack.h...
Preprocessing /home/students/cs/2018/enicol09/2nd_Year/EPL232/Homeworks/Hw_3/EliaNicolaou/DFS.c...
Parsing file /home/students/cs/2018/enicol09/2nd_Year/EPL232/Homeworks/Hw_3/EliaNicolaou/DFS.c...
Preprocessing /home/students/cs/2018/enicol09/2nd_Year/EPL232/Homeworks/Hw_3/EliaNicolaou/DFS.h...
Parsing file /home/students/cs/2018/enicol09/2nd_Year/EPL232/Homeworks/Hw_3/EliaNicolaou/DFS.h...
Preprocessing /home/students/cs/2018/enicol09/2nd_Year/EPL232/Homeworks/Hw_3/EliaNicolaou/simulate.h...
Parsing file /home/students/cs/2018/enicol09/2nd_Year/EPL232/Homeworks/Hw_3/EliaNicolaou/simulate.h...
Preprocessing /home/students/cs/2018/enicol09/2nd_Year/EPL232/Homeworks/Hw_3/EliaNicolaou/simulate.c...
Parsing file /home/students/cs/2018/enicol09/2nd_Year/EPL232/Homeworks/Hw_3/EliaNicolaou/simulate.c...
Preprocessing /home/students/cs/2018/enicol09/2nd_Year/EPL232/Homeworks/Hw_3/EliaNicolaou/check.c...
Parsing file /home/students/cs/2018/enicol09/2nd_Year/EPL232/Homeworks/Hw_3/EliaNicolaou/check.c...
Preprocessing /home/students/cs/2018/enicol09/2nd_Year/EPL232/Homeworks/Hw_3/EliaNicolaou/check.h...
Parsing file /home/students/cs/2018/enicol09/2nd_Year/EPL232/Homeworks/Hw_3/EliaNicolaou/check.h...
Preprocessing /home/students/cs/2018/enicol09/2nd_Year/EPL232/Homeworks/Hw_3/EliaNicolaou/hill.c...
Parsing file /home/students/cs/2018/enicol09/2nd_Year/EPL232/Homeworks/Hw_3/EliaNicolaou/hill.c...
Preprocessing /home/students/cs/2018/enicol09/2nd_Year/EPL232/Homeworks/Hw_3/EliaNicolaou/hill.h...
Parsing file /home/students/cs/2018/enicol09/2nd_Year/EPL232/Homeworks/Hw_3/EliaNicolaou/hill.h...
Preprocessing /home/students/cs/2018/enicol09/2nd_Year/EPL232/Homeworks/Hw_3/EliaNicolaou/README.dox...
Parsing file /home/students/cs/2018/enicol09/2nd_Year/EPL232/Homeworks/Hw_3/EliaNicolaou/README.dox...
Building group list...
Building directory list...
Building namespace list...
Building file list...
Building class list...
Associating documentation with classes...
Computing nesting relations for classes...
Building example list...
Searching for enumerations...
Searching for documented typedefs...
Searching for members imported via using declarations...
Searching for included using directives...
Searching for documented variables...
Building interface member list...
Building member list...
Searching for friends...
Searching for documented defines...
Computing class inheritance relations...
Computing class usage relations...
Flushing cached template relations that have become invalid...
Creating members for template instances...
Computing class relations...
Add enum values to enums...
Searching for member function documentation...
Building page list...
Search for main page...
Computing page relations...
Determining the scope of groups...
Sorting lists...
Freeing entry tree
Determining which enums are documented
Computing member relations...
Building full member lists recursively...
Adding members to member groups.
Computing member references...
Inheriting documentation...
Generating disk names...
Adding source references...
Adding xrefitems...
Sorting member lists...
Computing dependencies between directories...
Generating citations page...
Counting data structures...
Resolving user defined references...
Finding anchors and sections in the documentation...
Transferring function references...
Combining using relations...
Adding members to index pages...
Generating style sheet...
Generating search indices...
Generating example documentation...
Generating file sources...
Parsing code for file check.c...
Generating code for file check.h...
Parsing code for file DFS.c...
Generating code for file DFS.h...
Parsing code for file hill.c...
Generating code for file hill.h...
Parsing code for file nQueens.c...
Parsing code for file README.dox...
Parsing code for file simulate.c...
Generating code for file simulate.h...
Parsing code for file stack.c...
Generating code for file stack.h...
Generating file documentation...
Generating docs for file check.c...
Generating docs for file check.h...
Generating docs for file DFS.c...
Generating docs for file DFS.h...
Generating docs for file hill.c...
Generating docs for file hill.h...
Generating docs for file nQueens.c...
Generating docs for file README.dox...
Generating docs for file simulate.c...
Generating docs for file simulate.h...
Generating docs for file stack.c...
Generating docs for file stack.h...
Generating page documentation...
Generating docs for page bug...
Generating group documentation...
Generating class documentation...
Generating docs for compound stack...
Generating namespace index...
Generating graph info page...
Generating directory documentation...
Generating index page...
Generating page index...
Generating module index...
Generating namespace index...
Generating namespace member index...
Generating annotated compound index...
Generating alphabetical compound index...
Generating hierarchical class index...
Generating member index...
Generating file index...
Generating file member index...
Generating example index...
finalizing index lists...
lookup cache used 19/65536 hits=167 misses=20
finished...
